Traceback (most recent call last):
  File "/Library/Frameworks/Python.framework/Versions/3.11/lib/python3.11/site-packages/jupyter_cache/executors/utils.py", line 58, in single_nb_execution
    executenb(
  File "/Library/Frameworks/Python.framework/Versions/3.11/lib/python3.11/site-packages/nbclient/client.py", line 1319, in execute
    return NotebookClient(nb=nb, resources=resources, km=km, **kwargs).execute()
           ^^^^^^^^^^^^^^^^^^^^^^^^^^^^^^^^^^^^^^^^^^^^^^^^^^^^^^^^^^^^^^^^^^^^^
  File "/Library/Frameworks/Python.framework/Versions/3.11/lib/python3.11/site-packages/jupyter_core/utils/__init__.py", line 165, in wrapped
    return loop.run_until_complete(inner)
           ^^^^^^^^^^^^^^^^^^^^^^^^^^^^^^
  File "/Library/Frameworks/Python.framework/Versions/3.11/lib/python3.11/asyncio/base_events.py", line 653, in run_until_complete
    return future.result()
           ^^^^^^^^^^^^^^^
  File "/Library/Frameworks/Python.framework/Versions/3.11/lib/python3.11/site-packages/nbclient/client.py", line 709, in async_execute
    await self.async_execute_cell(
  File "/Library/Frameworks/Python.framework/Versions/3.11/lib/python3.11/site-packages/nbclient/client.py", line 1062, in async_execute_cell
    await self._check_raise_for_error(cell, cell_index, exec_reply)
  File "/Library/Frameworks/Python.framework/Versions/3.11/lib/python3.11/site-packages/nbclient/client.py", line 918, in _check_raise_for_error
    raise CellExecutionError.from_cell_and_msg(cell, exec_reply_content)
nbclient.exceptions.CellExecutionError: An error occurred while executing the following cell:
------------------
import ipywidgets as widgets

# Define the question and answer choices
question = "If I wanted to see the correlation between these two features on the FeatureScatter() plot, which option would I use?"
options = ["A) smooth", "B) cols", "C) plot.cor", "D) slot"]
correct_answer = "C) plot.cor"

# Create a dropdown widget
dropdown = widgets.Dropdown(options=options, description=question)

display(dropdown)

# Create a button to check the answer
selected_answer = dropdown.value 

submit_button = widgets.Button(description="Submit")
output = widgets.Output()

# Define what happens when the button is clicked
def check_answer(b):
    with output:
        output.clear_output()
        if quiz.value == correct_answer:
            display(HTML("<p style='color:green; font-weight:bold;'>✅ Correct!</p>"))
        else:
            display(HTML("<p style='color:red; font-weight:bold;'>❌ Incorrect. Try again!</p>"))

submit_button.on_click(check_answer)

# Display everything
display(HTML(f"<h3>{question}</h3>"))
display(quiz, submit_button, output)
------------------


[31m---------------------------------------------------------------------------[39m
[31mNameError[39m                                 Traceback (most recent call last)
[36mCell[39m[36m [39m[32mIn[1][39m[32m, line 31[39m
[32m     28[39m submit_button.on_click(check_answer)
[32m     30[39m [38;5;66;03m# Display everything[39;00m
[32m---> [39m[32m31[39m display([43mHTML[49m([33mf[39m[33m"[39m[33m<h3>[39m[38;5;132;01m{[39;00mquestion[38;5;132;01m}[39;00m[33m</h3>[39m[33m"[39m))
[32m     32[39m display(quiz, submit_button, output)

[31mNameError[39m: name 'HTML' is not defined

